# JRE version: Java(TM) SE Runtime Environment (17.0.10+11) (build 17.0.10+11-LTS-240)
# Java VM: Java HotSpot(TM) 64-Bit Server VM (17.0.10+11-LTS-240, mixed mode, sharing, tiered, compressed oops, compressed class ptrs, g1 gc, windows-amd64)
GC Precious Log:
 CPUs: 8 total, 8 available
 Memory: 16135M
 Large Page Support: Disabled
 NUMA Support: Disabled
 Compressed Oops: Enabled (32-bit)
 Heap Region Size: 1M
 Heap Min Capacity: 8M
 Heap Initial Capacity: 254M
 Heap Max Capacity: 2G
 Pre-touch: Disabled
 Parallel Workers: 8
 Concurrent Workers: 2
 Concurrent Refinement Workers: 8
 Periodic GC: Disabled
Heap:
 garbage-first heap   total 81920K, used 37377K [0x0000000080000000, 0x0000000100000000)
  region size 1024K, 14 young (14336K), 4 survivors (4096K)
 Metaspace       used 32056K, committed 32448K, reserved 491520K
  class space    used 4544K, committed 4736K, reserved 425984K
GC Heap History (12 events):
Event: 0.529 GC heap before
{Heap before GC invocations=0 (full 0):
 garbage-first heap   total 260096K, used 26624K [0x0000000080000000, 0x0000000100000000)
  region size 1024K, 23 young (23552K), 0 survivors (0K)
 Metaspace       used 3045K, committed 3136K, reserved 491520K
  class space    used 392K, committed 448K, reserved 425984K
}
Event: 0.532 GC heap after
{Heap after GC invocations=1 (full 0):
 garbage-first heap   total 260096K, used 10596K [0x0000000080000000, 0x0000000100000000)
  region size 1024K, 3 young (3072K), 3 survivors (3072K)
 Metaspace       used 3045K, committed 3136K, reserved 491520K
  class space    used 392K, committed 448K, reserved 425984K
}
Event: 0.950 GC heap before
{Heap before GC invocations=1 (full 0):
 garbage-first heap   total 260096K, used 37220K [0x0000000080000000, 0x0000000100000000)
  region size 1024K, 29 young (29696K), 3 survivors (3072K)
 Metaspace       used 3970K, committed 4160K, reserved 491520K
  class space    used 489K, committed 576K, reserved 425984K
}
Event: 0.953 GC heap after
{Heap after GC invocations=2 (full 0):
 garbage-first heap   total 260096K, used 11247K [0x0000000080000000, 0x0000000100000000)
  region size 1024K, 1 young (1024K), 1 survivors (1024K)
 Metaspace       used 3970K, committed 4160K, reserved 491520K
  class space    used 489K, committed 576K, reserved 425984K
}
Event: 2.872 GC heap before
{Heap before GC invocations=2 (full 0):
 garbage-first heap   total 260096K, used 132079K [0x0000000080000000, 0x0000000100000000)
  region size 1024K, 119 young (121856K), 1 survivors (1024K)
 Metaspace       used 21211K, committed 21504K, reserved 491520K
  class space    used 3119K, committed 3264K, reserved 425984K
}
Event: 2.880 GC heap after
{Heap after GC invocations=3 (full 0):
 garbage-first heap   total 260096K, used 22462K [0x0000000080000000, 0x0000000100000000)
  region size 1024K, 12 young (12288K), 12 survivors (12288K)
 Metaspace       used 21211K, committed 21504K, reserved 491520K
  class space    used 3119K, committed 3264K, reserved 425984K
}
Event: 3.350 GC heap before
{Heap before GC invocations=4 (full 0):
 garbage-first heap   total 81920K, used 59326K [0x0000000080000000, 0x0000000100000000)
  region size 1024K, 48 young (49152K), 12 survivors (12288K)
 Metaspace       used 26160K, committed 26496K, reserved 491520K
  class space    used 3837K, committed 3968K, reserved 425984K
}
Event: 3.359 GC heap after
{Heap after GC invocations=5 (full 0):
 garbage-first heap   total 81920K, used 24864K [0x0000000080000000, 0x0000000100000000)
  region size 1024K, 3 young (3072K), 3 survivors (3072K)
 Metaspace       used 26160K, committed 26496K, reserved 491520K
  class space    used 3837K, committed 3968K, reserved 425984K
}
Event: 3.376 GC heap before
{Heap before GC invocations=5 (full 0):
 garbage-first heap   total 81920K, used 24864K [0x0000000080000000, 0x0000000100000000)
  region size 1024K, 4 young (4096K), 3 survivors (3072K)
 Metaspace       used 26372K, committed 26688K, reserved 491520K
  class space    used 3851K, committed 3968K, reserved 425984K
}
Event: 3.379 GC heap after
{Heap after GC invocations=6 (full 0):
 garbage-first heap   total 81920K, used 25232K [0x0000000080000000, 0x0000000100000000)
  region size 1024K, 1 young (1024K), 1 survivors (1024K)
 Metaspace       used 26372K, committed 26688K, reserved 491520K
  class space    used 3851K, committed 3968K, reserved 425984K
}
Event: 3.788 GC heap before
{Heap before GC invocations=6 (full 0):
 garbage-first heap   total 81920K, used 60048K [0x0000000080000000, 0x0000000100000000)
  region size 1024K, 36 young (36864K), 1 survivors (1024K)
 Metaspace       used 31111K, committed 31552K, reserved 491520K
  class space    used 4405K, committed 4608K, reserved 425984K
}
Event: 3.792 GC heap after
{Heap after GC invocations=7 (full 0):
 garbage-first heap   total 81920K, used 28161K [0x0000000080000000, 0x0000000100000000)
  region size 1024K, 4 young (4096K), 4 survivors (4096K)
 Metaspace       used 31111K, committed 31552K, reserved 491520K
  class space    used 4405K, committed 4608K, reserved 425984K
}

