# JRE version: Java(TM) SE Runtime Environment (17.0.10+11) (build 17.0.10+11-LTS-240)
# Java VM: Java HotSpot(TM) 64-Bit Server VM (17.0.10+11-LTS-240, mixed mode, sharing, tiered, compressed oops, compressed class ptrs, g1 gc, windows-amd64)
GC Precious Log:
 CPUs: 8 total, 8 available
 Memory: 16135M
 Large Page Support: Disabled
 NUMA Support: Disabled
 Compressed Oops: Enabled (32-bit)
 Heap Region Size: 1M
 Heap Min Capacity: 8M
 Heap Initial Capacity: 254M
 Heap Max Capacity: 2G
 Pre-touch: Disabled
 Parallel Workers: 8
 Concurrent Workers: 2
 Concurrent Refinement Workers: 8
 Periodic GC: Disabled
Heap:
 garbage-first heap   total 270336K, used 212948K [0x0000000080000000, 0x0000000100000000)
  region size 1024K, 73 young (74752K), 13 survivors (13312K)
 Metaspace       used 102527K, committed 103616K, reserved 557056K
  class space    used 14381K, committed 14912K, reserved 425984K
GC Heap History (20 events):
Event: 16.946 GC heap before
{Heap before GC invocations=23 (full 0):
 garbage-first heap   total 121856K, used 70287K [0x0000000080000000, 0x0000000100000000)
  region size 1024K, 5 young (5120K), 4 survivors (4096K)
 Metaspace       used 69105K, committed 69760K, reserved 491520K
  class space    used 9672K, committed 9984K, reserved 425984K
}
Event: 16.950 GC heap after
{Heap after GC invocations=24 (full 0):
 garbage-first heap   total 121856K, used 69418K [0x0000000080000000, 0x0000000100000000)
  region size 1024K, 1 young (1024K), 1 survivors (1024K)
 Metaspace       used 69105K, committed 69760K, reserved 491520K
  class space    used 9672K, committed 9984K, reserved 425984K
}
Event: 17.589 GC heap before
{Heap before GC invocations=24 (full 0):
 garbage-first heap   total 121856K, used 100138K [0x0000000080000000, 0x0000000100000000)
  region size 1024K, 31 young (31744K), 1 survivors (1024K)
 Metaspace       used 70590K, committed 71232K, reserved 491520K
  class space    used 9881K, committed 10176K, reserved 425984K
}
Event: 17.593 GC heap after
{Heap after GC invocations=25 (full 0):
 garbage-first heap   total 121856K, used 72525K [0x0000000080000000, 0x0000000100000000)
  region size 1024K, 4 young (4096K), 4 survivors (4096K)
 Metaspace       used 70590K, committed 71232K, reserved 491520K
  class space    used 9881K, committed 10176K, reserved 425984K
}
Event: 18.192 GC heap before
{Heap before GC invocations=26 (full 0):
 garbage-first heap   total 135168K, used 97101K [0x0000000080000000, 0x0000000100000000)
  region size 1024K, 29 young (29696K), 4 survivors (4096K)
 Metaspace       used 72152K, committed 72832K, reserved 491520K
  class space    used 10108K, committed 10432K, reserved 425984K
}
Event: 18.198 GC heap after
{Heap after GC invocations=27 (full 0):
 garbage-first heap   total 135168K, used 74219K [0x0000000080000000, 0x0000000100000000)
  region size 1024K, 2 young (2048K), 2 survivors (2048K)
 Metaspace       used 72152K, committed 72832K, reserved 491520K
  class space    used 10108K, committed 10432K, reserved 425984K
}
Event: 18.278 GC heap before
{Heap before GC invocations=27 (full 0):
 garbage-first heap   total 135168K, used 77291K [0x0000000080000000, 0x0000000100000000)
  region size 1024K, 6 young (6144K), 2 survivors (2048K)
 Metaspace       used 72724K, committed 73408K, reserved 491520K
  class space    used 10221K, committed 10560K, reserved 425984K
}
Event: 18.283 GC heap after
{Heap after GC invocations=28 (full 0):
 garbage-first heap   total 270336K, used 73960K [0x0000000080000000, 0x0000000100000000)
  region size 1024K, 1 young (1024K), 1 survivors (1024K)
 Metaspace       used 72724K, committed 73408K, reserved 491520K
  class space    used 10221K, committed 10560K, reserved 425984K
}
Event: 19.762 GC heap before
{Heap before GC invocations=28 (full 0):
 garbage-first heap   total 270336K, used 205032K [0x0000000080000000, 0x0000000100000000)
  region size 1024K, 124 young (126976K), 1 survivors (1024K)
 Metaspace       used 78333K, committed 79040K, reserved 557056K
  class space    used 10950K, committed 11264K, reserved 425984K
}
Event: 19.768 GC heap after
{Heap after GC invocations=29 (full 0):
 garbage-first heap   total 270336K, used 90612K [0x0000000080000000, 0x0000000100000000)
  region size 1024K, 12 young (12288K), 12 survivors (12288K)
 Metaspace       used 78333K, committed 79040K, reserved 557056K
  class space    used 10950K, committed 11264K, reserved 425984K
}
Event: 21.024 GC heap before
{Heap before GC invocations=29 (full 0):
 garbage-first heap   total 270336K, used 210420K [0x0000000080000000, 0x0000000100000000)
  region size 1024K, 123 young (125952K), 12 survivors (12288K)
 Metaspace       used 85489K, committed 86272K, reserved 557056K
  class space    used 11923K, committed 12288K, reserved 425984K
}
Event: 21.035 GC heap after
{Heap after GC invocations=30 (full 0):
 garbage-first heap   total 270336K, used 98248K [0x0000000080000000, 0x0000000100000000)
  region size 1024K, 8 young (8192K), 8 survivors (8192K)
 Metaspace       used 85489K, committed 86272K, reserved 557056K
  class space    used 11923K, committed 12288K, reserved 425984K
}
Event: 26.247 GC heap before
{Heap before GC invocations=30 (full 0):
 garbage-first heap   total 270336K, used 207816K [0x0000000080000000, 0x0000000100000000)
  region size 1024K, 115 young (117760K), 8 survivors (8192K)
 Metaspace       used 90214K, committed 91008K, reserved 557056K
  class space    used 12568K, committed 12992K, reserved 425984K
}
Event: 26.260 GC heap after
{Heap after GC invocations=31 (full 0):
 garbage-first heap   total 270336K, used 104178K [0x0000000080000000, 0x0000000100000000)
  region size 1024K, 14 young (14336K), 14 survivors (14336K)
 Metaspace       used 90214K, committed 91008K, reserved 557056K
  class space    used 12568K, committed 12992K, reserved 425984K
}
Event: 27.695 GC heap before
{Heap before GC invocations=31 (full 0):
 garbage-first heap   total 270336K, used 211698K [0x0000000080000000, 0x0000000100000000)
  region size 1024K, 119 young (121856K), 14 survivors (14336K)
 Metaspace       used 96433K, committed 97408K, reserved 557056K
  class space    used 13602K, committed 14080K, reserved 425984K
}
Event: 27.711 GC heap after
{Heap after GC invocations=32 (full 0):
 garbage-first heap   total 270336K, used 111868K [0x0000000080000000, 0x0000000100000000)
  region size 1024K, 14 young (14336K), 14 survivors (14336K)
 Metaspace       used 96433K, committed 97408K, reserved 557056K
  class space    used 13602K, committed 14080K, reserved 425984K
}
Event: 29.043 GC heap before
{Heap before GC invocations=32 (full 0):
 garbage-first heap   total 270336K, used 218364K [0x0000000080000000, 0x0000000100000000)
  region size 1024K, 114 young (116736K), 14 survivors (14336K)
 Metaspace       used 99206K, committed 100096K, reserved 557056K
  class space    used 13926K, committed 14336K, reserved 425984K
}
Event: 29.059 GC heap after
{Heap after GC invocations=33 (full 0):
 garbage-first heap   total 270336K, used 129006K [0x0000000080000000, 0x0000000100000000)
  region size 1024K, 15 young (15360K), 15 survivors (15360K)
 Metaspace       used 99206K, committed 100096K, reserved 557056K
  class space    used 13926K, committed 14336K, reserved 425984K
}
Event: 30.155 GC heap before
{Heap before GC invocations=33 (full 0):
 garbage-first heap   total 270336K, used 217070K [0x0000000080000000, 0x0000000100000000)
  region size 1024K, 98 young (100352K), 15 survivors (15360K)
 Metaspace       used 100350K, committed 101312K, reserved 557056K
  class space    used 14077K, committed 14528K, reserved 425984K
}
Event: 30.178 GC heap after
{Heap after GC invocations=34 (full 0):
 garbage-first heap   total 270336K, used 150484K [0x0000000080000000, 0x0000000100000000)
  region size 1024K, 13 young (13312K), 13 survivors (13312K)
 Metaspace       used 100350K, committed 101312K, reserved 557056K
  class space    used 14077K, committed 14528K, reserved 425984K
}

