# JRE version: OpenJDK Runtime Environment (17.0.10) (build 17.0.10+0--11572160)
# Java VM: OpenJDK 64-Bit Server VM (17.0.10+0--11572160, mixed mode, tiered, compressed oops, compressed class ptrs, g1 gc, windows-amd64)
GC Precious Log:
 CPUs: 8 total, 8 available
 Memory: 16135M
 Large Page Support: Disabled
 NUMA Support: Disabled
 Compressed Oops: Enabled (32-bit)
 Heap Region Size: 1M
 Heap Min Capacity: 8M
 Heap Initial Capacity: 254M
 Heap Max Capacity: 2G
 Pre-touch: Disabled
 Parallel Workers: 8
 Concurrent Workers: 2
 Concurrent Refinement Workers: 8
 Periodic GC: Disabled
Heap:
 garbage-first heap   total 171008K, used 112391K [0x0000000080000000, 0x0000000100000000)
  region size 1024K, 15 young (15360K), 1 survivors (1024K)
 Metaspace       used 77471K, committed 78208K, reserved 557056K
  class space    used 10791K, committed 11136K, reserved 425984K
GC Heap History (20 events):
Event: 24.638 GC heap before
{Heap before GC invocations=31 (full 0):
 garbage-first heap   total 126976K, used 97967K [0x0000000080000000, 0x0000000100000000)
  region size 1024K, 32 young (32768K), 3 survivors (3072K)
 Metaspace       used 59293K, committed 59968K, reserved 491520K
  class space    used 8109K, committed 8384K, reserved 425984K
}
Event: 24.645 GC heap after
{Heap after GC invocations=32 (full 0):
 garbage-first heap   total 126976K, used 70940K [0x0000000080000000, 0x0000000100000000)
  region size 1024K, 4 young (4096K), 4 survivors (4096K)
 Metaspace       used 59293K, committed 59968K, reserved 491520K
  class space    used 8109K, committed 8384K, reserved 425984K
}
Event: 25.595 GC heap before
{Heap before GC invocations=32 (full 0):
 garbage-first heap   total 126976K, used 100636K [0x0000000080000000, 0x0000000100000000)
  region size 1024K, 33 young (33792K), 4 survivors (4096K)
 Metaspace       used 62137K, committed 62848K, reserved 491520K
  class space    used 8592K, committed 8896K, reserved 425984K
}
Event: 25.604 GC heap after
{Heap after GC invocations=33 (full 0):
 garbage-first heap   total 126976K, used 73837K [0x0000000080000000, 0x0000000100000000)
  region size 1024K, 3 young (3072K), 3 survivors (3072K)
 Metaspace       used 62137K, committed 62848K, reserved 491520K
  class space    used 8592K, committed 8896K, reserved 425984K
}
Event: 26.313 GC heap before
{Heap before GC invocations=34 (full 0):
 garbage-first heap   total 133120K, used 105581K [0x0000000080000000, 0x0000000100000000)
  region size 1024K, 30 young (30720K), 3 survivors (3072K)
 Metaspace       used 64734K, committed 65472K, reserved 491520K
  class space    used 8930K, committed 9216K, reserved 425984K
}
Event: 26.319 GC heap after
{Heap after GC invocations=35 (full 0):
 garbage-first heap   total 133120K, used 81356K [0x0000000080000000, 0x0000000100000000)
  region size 1024K, 4 young (4096K), 4 survivors (4096K)
 Metaspace       used 64734K, committed 65472K, reserved 491520K
  class space    used 8930K, committed 9216K, reserved 425984K
}
Event: 26.364 GC heap before
{Heap before GC invocations=35 (full 0):
 garbage-first heap   total 133120K, used 90572K [0x0000000080000000, 0x0000000100000000)
  region size 1024K, 6 young (6144K), 4 survivors (4096K)
 Metaspace       used 64785K, committed 65472K, reserved 491520K
  class space    used 8937K, committed 9216K, reserved 425984K
}
Event: 26.371 GC heap after
{Heap after GC invocations=36 (full 0):
 garbage-first heap   total 159744K, used 91436K [0x0000000080000000, 0x0000000100000000)
  region size 1024K, 1 young (1024K), 1 survivors (1024K)
 Metaspace       used 64785K, committed 65472K, reserved 491520K
  class space    used 8937K, committed 9216K, reserved 425984K
}
Event: 27.193 GC heap before
{Heap before GC invocations=36 (full 0):
 garbage-first heap   total 159744K, used 127276K [0x0000000080000000, 0x0000000100000000)
  region size 1024K, 36 young (36864K), 1 survivors (1024K)
 Metaspace       used 68314K, committed 69056K, reserved 491520K
  class space    used 9440K, committed 9792K, reserved 425984K
}
Event: 27.196 GC heap after
{Heap after GC invocations=37 (full 0):
 garbage-first heap   total 159744K, used 91950K [0x0000000080000000, 0x0000000100000000)
  region size 1024K, 2 young (2048K), 2 survivors (2048K)
 Metaspace       used 68314K, committed 69056K, reserved 491520K
  class space    used 9440K, committed 9792K, reserved 425984K
}
Event: 28.045 GC heap before
{Heap before GC invocations=38 (full 0):
 garbage-first heap   total 162816K, used 129838K [0x0000000080000000, 0x0000000100000000)
  region size 1024K, 39 young (39936K), 2 survivors (2048K)
 Metaspace       used 71933K, committed 72704K, reserved 491520K
  class space    used 9987K, committed 10368K, reserved 425984K
}
Event: 28.051 GC heap after
{Heap after GC invocations=39 (full 0):
 garbage-first heap   total 162816K, used 94339K [0x0000000080000000, 0x0000000100000000)
  region size 1024K, 4 young (4096K), 4 survivors (4096K)
 Metaspace       used 71933K, committed 72704K, reserved 491520K
  class space    used 9987K, committed 10368K, reserved 425984K
}
Event: 28.116 GC heap before
{Heap before GC invocations=39 (full 0):
 garbage-first heap   total 162816K, used 97411K [0x0000000080000000, 0x0000000100000000)
  region size 1024K, 7 young (7168K), 4 survivors (4096K)
 Metaspace       used 72157K, committed 72896K, reserved 491520K
  class space    used 10034K, committed 10368K, reserved 425984K
}
Event: 28.122 GC heap after
{Heap after GC invocations=40 (full 0):
 garbage-first heap   total 162816K, used 94195K [0x0000000080000000, 0x0000000100000000)
  region size 1024K, 1 young (1024K), 1 survivors (1024K)
 Metaspace       used 72157K, committed 72896K, reserved 491520K
  class space    used 10034K, committed 10368K, reserved 425984K
}
Event: 29.018 GC heap before
{Heap before GC invocations=40 (full 0):
 garbage-first heap   total 162816K, used 134131K [0x0000000080000000, 0x0000000100000000)
  region size 1024K, 40 young (40960K), 1 survivors (1024K)
 Metaspace       used 74748K, committed 75520K, reserved 491520K
  class space    used 10387K, committed 10752K, reserved 425984K
}
Event: 29.021 GC heap after
{Heap after GC invocations=41 (full 0):
 garbage-first heap   total 162816K, used 95073K [0x0000000080000000, 0x0000000100000000)
  region size 1024K, 2 young (2048K), 2 survivors (2048K)
 Metaspace       used 74748K, committed 75520K, reserved 491520K
  class space    used 10387K, committed 10752K, reserved 425984K
}
Event: 29.832 GC heap before
{Heap before GC invocations=42 (full 0):
 garbage-first heap   total 171008K, used 133985K [0x0000000080000000, 0x0000000100000000)
  region size 1024K, 40 young (40960K), 2 survivors (2048K)
 Metaspace       used 76640K, committed 77376K, reserved 557056K
  class space    used 10684K, committed 11008K, reserved 425984K
}
Event: 29.839 GC heap after
{Heap after GC invocations=43 (full 0):
 garbage-first heap   total 171008K, used 98821K [0x0000000080000000, 0x0000000100000000)
  region size 1024K, 5 young (5120K), 5 survivors (5120K)
 Metaspace       used 76640K, committed 77376K, reserved 557056K
  class space    used 10684K, committed 11008K, reserved 425984K
}
Event: 29.918 GC heap before
{Heap before GC invocations=43 (full 0):
 garbage-first heap   total 171008K, used 101893K [0x0000000080000000, 0x0000000100000000)
  region size 1024K, 8 young (8192K), 5 survivors (5120K)
 Metaspace       used 76852K, committed 77696K, reserved 557056K
  class space    used 10704K, committed 11072K, reserved 425984K
}
Event: 29.926 GC heap after
{Heap after GC invocations=44 (full 0):
 garbage-first heap   total 171008K, used 99079K [0x0000000080000000, 0x0000000100000000)
  region size 1024K, 1 young (1024K), 1 survivors (1024K)
 Metaspace       used 76852K, committed 77696K, reserved 557056K
  class space    used 10704K, committed 11072K, reserved 425984K
}

