# JRE version: Java(TM) SE Runtime Environment (21.0.4+8) (build 21.0.4+8-LTS-274)
# Java VM: Java HotSpot(TM) 64-Bit Server VM (21.0.4+8-LTS-274, mixed mode, sharing, tiered, compressed oops, compressed class ptrs, g1 gc, windows-amd64)
GC Precious Log:
 CardTable entry size: 512
 Card Set container configuration: InlinePtr #cards 5 size 8 Array Of Cards #cards 12 size 40 Howl #buckets 4 coarsen threshold 1843 Howl Bitmap #cards 512 size 80 coarsen threshold 460 Card regions per heap region 1 cards per card region 2048
 CPUs: 8 total, 8 available
 Memory: 16135M
 Large Page Support: Disabled
 NUMA Support: Disabled
 Compressed Oops: Enabled (32-bit)
 Heap Region Size: 1M
 Heap Min Capacity: 8M
 Heap Initial Capacity: 254M
 Heap Max Capacity: 2G
 Pre-touch: Disabled
 Parallel Workers: 8
 Concurrent Workers: 2
 Concurrent Refinement Workers: 8
 Periodic GC: Disabled
Heap:
 garbage-first heap   total 334848K, used 266240K [0x0000000080000000, 0x0000000100000000)
  region size 1024K, 79 young (80896K), 13 survivors (13312K)
 Metaspace       used 110082K, committed 112704K, reserved 557056K
  class space    used 15513K, committed 16832K, reserved 425984K
GC Heap History (20 events):
Event: 20.185 GC heap before
{Heap before GC invocations=32 (full 0):
 garbage-first heap   total 218112K, used 169864K [0x0000000080000000, 0x0000000100000000)
  region size 1024K, 68 young (69632K), 11 survivors (11264K)
 Metaspace       used 98787K, committed 101248K, reserved 557056K
  class space    used 14084K, committed 15296K, reserved 425984K
}
Event: 20.199 GC heap after
{Heap after GC invocations=33 (full 0):
 garbage-first heap   total 218112K, used 120220K [0x0000000080000000, 0x0000000100000000)
  region size 1024K, 9 young (9216K), 9 survivors (9216K)
 Metaspace       used 98787K, committed 101248K, reserved 557056K
  class space    used 14084K, committed 15296K, reserved 425984K
}
Event: 20.762 GC heap before
{Heap before GC invocations=34 (full 0):
 garbage-first heap   total 224256K, used 197020K [0x0000000080000000, 0x0000000100000000)
  region size 1024K, 77 young (78848K), 9 survivors (9216K)
 Metaspace       used 99653K, committed 102144K, reserved 557056K
  class space    used 14175K, committed 15424K, reserved 425984K
}
Event: 20.773 GC heap after
{Heap after GC invocations=35 (full 0):
 garbage-first heap   total 224256K, used 142703K [0x0000000080000000, 0x0000000100000000)
  region size 1024K, 10 young (10240K), 10 survivors (10240K)
 Metaspace       used 99653K, committed 102144K, reserved 557056K
  class space    used 14175K, committed 15424K, reserved 425984K
}
Event: 21.214 GC heap before
{Heap before GC invocations=35 (full 0):
 garbage-first heap   total 224256K, used 199023K [0x0000000080000000, 0x0000000100000000)
  region size 1024K, 65 young (66560K), 10 survivors (10240K)
 Metaspace       used 100187K, committed 102656K, reserved 557056K
  class space    used 14237K, committed 15488K, reserved 425984K
}
Event: 21.226 GC heap after
{Heap after GC invocations=36 (full 0):
 garbage-first heap   total 224256K, used 150321K [0x0000000080000000, 0x0000000100000000)
  region size 1024K, 9 young (9216K), 9 survivors (9216K)
 Metaspace       used 100187K, committed 102656K, reserved 557056K
  class space    used 14237K, committed 15488K, reserved 425984K
}
Event: 21.300 GC heap before
{Heap before GC invocations=36 (full 0):
 garbage-first heap   total 224256K, used 167729K [0x0000000080000000, 0x0000000100000000)
  region size 1024K, 27 young (27648K), 9 survivors (9216K)
 Metaspace       used 100227K, committed 102720K, reserved 557056K
  class space    used 14241K, committed 15488K, reserved 425984K
}
Event: 21.308 GC heap after
{Heap after GC invocations=37 (full 0):
 garbage-first heap   total 269312K, used 152382K [0x0000000080000000, 0x0000000100000000)
  region size 1024K, 4 young (4096K), 4 survivors (4096K)
 Metaspace       used 100227K, committed 102720K, reserved 557056K
  class space    used 14241K, committed 15488K, reserved 425984K
}
Event: 21.317 GC heap before
{Heap before GC invocations=37 (full 0):
 garbage-first heap   total 269312K, used 154430K [0x0000000080000000, 0x0000000100000000)
  region size 1024K, 6 young (6144K), 4 survivors (4096K)
 Metaspace       used 100227K, committed 102720K, reserved 557056K
  class space    used 14241K, committed 15488K, reserved 425984K
}
Event: 21.319 GC heap after
{Heap after GC invocations=38 (full 0):
 garbage-first heap   total 269312K, used 154227K [0x0000000080000000, 0x0000000100000000)
  region size 1024K, 5 young (5120K), 5 survivors (5120K)
 Metaspace       used 100227K, committed 102720K, reserved 557056K
  class space    used 14241K, committed 15488K, reserved 425984K
}
Event: 22.022 GC heap before
{Heap before GC invocations=39 (full 0):
 garbage-first heap   total 281600K, used 217715K [0x0000000080000000, 0x0000000100000000)
  region size 1024K, 65 young (66560K), 5 survivors (5120K)
 Metaspace       used 103151K, committed 105664K, reserved 557056K
  class space    used 14649K, committed 15872K, reserved 425984K
}
Event: 22.030 GC heap after
{Heap after GC invocations=40 (full 0):
 garbage-first heap   total 281600K, used 163474K [0x0000000080000000, 0x0000000100000000)
  region size 1024K, 9 young (9216K), 9 survivors (9216K)
 Metaspace       used 103151K, committed 105664K, reserved 557056K
  class space    used 14649K, committed 15872K, reserved 425984K
}
Event: 22.572 GC heap before
{Heap before GC invocations=40 (full 0):
 garbage-first heap   total 281600K, used 230034K [0x0000000080000000, 0x0000000100000000)
  region size 1024K, 74 young (75776K), 9 survivors (9216K)
 Metaspace       used 106884K, committed 109440K, reserved 557056K
  class space    used 15184K, committed 16448K, reserved 425984K
}
Event: 22.582 GC heap after
{Heap after GC invocations=41 (full 0):
 garbage-first heap   total 281600K, used 165106K [0x0000000080000000, 0x0000000100000000)
  region size 1024K, 4 young (4096K), 4 survivors (4096K)
 Metaspace       used 106884K, committed 109440K, reserved 557056K
  class space    used 15184K, committed 16448K, reserved 425984K
}
Event: 22.995 GC heap before
{Heap before GC invocations=41 (full 0):
 garbage-first heap   total 281600K, used 235762K [0x0000000080000000, 0x0000000100000000)
  region size 1024K, 73 young (74752K), 4 survivors (4096K)
 Metaspace       used 107753K, committed 110400K, reserved 557056K
  class space    used 15286K, committed 16576K, reserved 425984K
}
Event: 23.006 GC heap after
{Heap after GC invocations=42 (full 0):
 garbage-first heap   total 281600K, used 175467K [0x0000000080000000, 0x0000000100000000)
  region size 1024K, 10 young (10240K), 10 survivors (10240K)
 Metaspace       used 107753K, committed 110400K, reserved 557056K
  class space    used 15286K, committed 16576K, reserved 425984K
}
Event: 23.617 GC heap before
{Heap before GC invocations=43 (full 0):
 garbage-first heap   total 334848K, used 242027K [0x0000000080000000, 0x0000000100000000)
  region size 1024K, 75 young (76800K), 10 survivors (10240K)
 Metaspace       used 108172K, committed 110720K, reserved 557056K
  class space    used 15319K, committed 16576K, reserved 425984K
}
Event: 23.636 GC heap after
{Heap after GC invocations=44 (full 0):
 garbage-first heap   total 334848K, used 188871K [0x0000000080000000, 0x0000000100000000)
  region size 1024K, 10 young (10240K), 10 survivors (10240K)
 Metaspace       used 108172K, committed 110720K, reserved 557056K
  class space    used 15319K, committed 16576K, reserved 425984K
}
Event: 74.419 GC heap before
{Heap before GC invocations=44 (full 0):
 garbage-first heap   total 334848K, used 278983K [0x0000000080000000, 0x0000000100000000)
  region size 1024K, 98 young (100352K), 10 survivors (10240K)
 Metaspace       used 109846K, committed 112512K, reserved 557056K
  class space    used 15508K, committed 16832K, reserved 425984K
}
Event: 74.438 GC heap after
{Heap after GC invocations=45 (full 0):
 garbage-first heap   total 334848K, used 200704K [0x0000000080000000, 0x0000000100000000)
  region size 1024K, 13 young (13312K), 13 survivors (13312K)
 Metaspace       used 109846K, committed 112512K, reserved 557056K
  class space    used 15508K, committed 16832K, reserved 425984K
}

